  1          0.0000          0.0000          0.0000          0.0000          0.0000          0.0000          0.0000          0.0000          0.0000          0.0000          0.0000          0.0000
  2          0.0000          0.0000          0.0000          0.0000          0.0000          0.0000          0.0000          0.0000          0.0000          0.0000          0.0000          0.0000
  3          0.0000          0.0000          0.0000          0.0000          0.0000          0.0000          0.0000          0.0000          0.0000          0.0000          0.0000         -0.0001
  4          0.0000          0.0000          0.0000          0.0000          0.0000         -0.0001          0.0000         -0.0001          0.0003          0.0003         -0.0002         -0.0009
  5          0.0000         -0.0001         -0.0001         -0.0001         -0.0002         -0.0003          0.0001         -0.0010          0.0022          0.0019         -0.0013         -0.0066
  6          0.0001         -0.0006         -0.0003         -0.0007         -0.0011         -0.0014          0.0008         -0.0053          0.0109          0.0093         -0.0076         -0.0368
  7          0.0003         -0.0024         -0.0011         -0.0024         -0.0038         -0.0046          0.0041         -0.0212          0.0413          0.0330         -0.0355         -0.1576
  8          0.0010         -0.0067         -0.0030         -0.0063         -0.0092         -0.0099          0.0154         -0.0606          0.1090          0.0781         -0.1288         -0.5136
  9          0.0023         -0.0127         -0.0052         -0.0102         -0.0134         -0.0116          0.0353         -0.1086          0.1686          0.0873         -0.3536         -1.2384
 10          0.0038         -0.0145         -0.0057         -0.0104         -0.0125         -0.0117          0.0230         -0.0505          0.0120         -0.1219         -0.7086         -2.1010
 11          0.0080         -0.0184         -0.0137         -0.0297         -0.0456         -0.0803         -0.1521          0.3203         -0.6171         -0.6904         -0.9660         -2.2459
 12          0.0415         -0.0967         -0.0784         -0.1691         -0.2480         -0.3873         -0.6161          0.9905         -1.4530         -1.2316         -0.7377         -0.9993
 13          0.1898         -0.4060         -0.2791         -0.5593         -0.7245         -0.9549         -1.1413          1.3429         -1.4479         -0.8815         -0.0236          0.6342
 14          0.5790         -1.0075         -0.5931         -1.0804         -1.1818         -1.2505         -1.0319          0.6572         -0.1245          0.3115          0.4451          0.7272
 15          1.2311         -1.5761         -0.7574         -1.1827         -0.9377         -0.5627          0.0060         -0.5675          0.9854          0.7471          0.1090         -0.4072
 16          1.9077         -1.4979         -0.4568         -0.4191          0.1530          0.7027          0.9210         -0.7797          0.2943         -0.2302         -0.3613         -0.4841
 17          2.2197         -0.5222          0.2162          0.7324          1.0493          1.0023          0.4394          0.2828         -0.8583         -0.6996         -0.0830          0.4487
 18          1.9898          0.8233          0.7129          1.1618          0.6763         -0.1473         -0.7904          0.8719         -0.3200          0.3438          0.3811          0.3013
 19          1.4191          1.7256          0.6203          0.4527         -0.5424         -1.1768         -0.8711         -0.0325          0.8796          0.7522          0.0563         -0.5104
 20          0.8443          1.8588          0.0816         -0.6807         -1.2450         -0.7084          0.4257         -1.0197          0.4661         -0.4819         -0.4579         -0.1540
 21          0.4427          1.4939         -0.5059         -1.3819         -0.8392          0.6130          1.2939         -0.4810         -0.8684         -0.9071         -0.0632          0.5360
 22          0.2102          1.0366         -0.9420         -1.4469          0.1661          1.3470          0.5463          0.9258         -0.8020          0.5373          0.5710          0.0464
 23          0.0904          0.6810         -1.2439         -1.0785          1.0678          0.9834         -0.9129          1.1900          0.6147          1.1245          0.1174         -0.5094
 24          0.0389          0.4343         -1.4588         -0.4550          1.4894         -0.0592         -1.4205         -0.2103          1.1175         -0.4438         -0.6603          0.0545
 25          0.0195          0.2723         -1.6042          0.2827          1.2797         -1.0727         -0.4701         -1.4019         -0.1249         -1.2557         -0.1390          0.4545
 26          0.0088          0.1816         -1.6663          0.9452          0.4759         -1.3471          0.8903         -0.6831         -1.1591          0.2868          0.7377         -0.1535
 27          0.0021          0.1278         -1.5763          1.3503         -0.5670         -0.5964          1.2721          0.9218         -0.3510          1.2652          0.1057         -0.3841
 28          0.0013          0.0777         -1.2780          1.3892         -1.2950          0.6204          0.3742          1.1970          0.9858         -0.1256         -0.8371          0.2422
 29          0.0021          0.0360         -0.8438          1.0858         -1.3826          1.3652         -0.8679         -0.0668          0.8014         -1.2878         -0.0887          0.3363
 30          0.0006          0.0165         -0.4400          0.6313         -0.9821          1.2794         -1.4243         -1.2320         -0.5706         -0.2471          1.0472         -0.3128
 31         -0.0011          0.0106         -0.1775          0.2622         -0.4911          0.7561         -1.1420         -1.3251         -1.3951          1.3279          0.3861         -0.4160
 32         -0.0007          0.0046         -0.0532          0.0766         -0.1704          0.3003         -0.5564         -0.7808         -1.1160          1.5651         -1.3745          0.2934
 33          0.0006         -0.0016         -0.0098          0.0205         -0.0373          0.0791         -0.1424         -0.2941         -0.4615          0.8139         -2.2442          0.8752
 34          0.0011         -0.0040          0.0007          0.0105         -0.0031          0.0129          0.0127         -0.0722         -0.0615          0.1587         -1.8093          0.8372
 35          0.0008         -0.0030          0.0015          0.0068          0.0008          0.0014          0.0300         -0.0111          0.0435         -0.0647         -0.9557          0.4858
 36          0.0004         -0.0014          0.0008          0.0032          0.0003          0.0004          0.0151         -0.0011          0.0326         -0.0621         -0.3615          0.1956
 37          0.0001         -0.0004          0.0002          0.0011          0.0000          0.0003          0.0048         -0.0002          0.0121         -0.0253         -0.1022          0.0579
 38          0.0000         -0.0001          0.0001          0.0003          0.0000          0.0001          0.0011         -0.0001          0.0030         -0.0068         -0.0221          0.0130
 39          0.0000          0.0000          0.0000          0.0000          0.0000          0.0000          0.0002          0.0000          0.0006         -0.0013         -0.0037          0.0022
 40          0.0000          0.0000          0.0000          0.0000          0.0000          0.0000          0.0000          0.0000          0.0001         -0.0002         -0.0005          0.0003
